# Logfile created on Mon Sep 07 19:00:47 +0530 2009/!\ FAILSAFE /!\  Mon Sep 07 19:24:49 +0530 2009
  Status: 500 Internal Server Error
  Could not find table 'sessions'
    /var/lib/gems/1.8/gems/activerecord-2.2.2/lib/active_record/connection_adapters/sqlite3_adapter.rb:29:in `table_structure'
    /var/lib/gems/1.8/gems/activesupport-2.2.2/lib/active_support/core_ext/object/misc.rb:39:in `returning'
    /var/lib/gems/1.8/gems/activerecord-2.2.2/lib/active_record/connection_adapters/sqlite3_adapter.rb:28:in `table_structure'
    /var/lib/gems/1.8/gems/activerecord-2.2.2/lib/active_record/connection_adapters/sqlite_adapter.rb:189:in `columns'
    /var/lib/gems/1.8/gems/activerecord-2.2.2/lib/active_record/base.rb:1220:in `columns'
    /var/lib/gems/1.8/gems/activerecord-2.2.2/lib/active_record/base.rb:1228:in `columns_hash'
    /var/lib/gems/1.8/gems/actionpack-2.2.2/lib/action_controller/session/active_record_store.rb:104:in `setup_sessid_compatibility!'
    /var/lib/gems/1.8/gems/actionpack-2.2.2/lib/action_controller/session/active_record_store.rb:78:in `find_by_session_id'
    /var/lib/gems/1.8/gems/actionpack-2.2.2/lib/action_controller/session/active_record_store.rb:288:in `initialize'
    /var/lib/gems/1.8/gems/activerecord-2.2.2/lib/active_record/base.rb:1398:in `silence'
    /var/lib/gems/1.8/gems/actionpack-2.2.2/lib/action_controller/session/active_record_store.rb:288:in `initialize'
    /usr/lib/ruby/1.8/cgi/session.rb:279:in `new'
    /usr/lib/ruby/1.8/cgi/session.rb:279:in `initialize_without_cgi_reader'
    /var/lib/gems/1.8/gems/actionpack-2.2.2/lib/action_controller/cgi_ext/session.rb:19:in `initialize'
    /var/lib/gems/1.8/gems/actionpack-2.2.2/lib/action_controller/cgi_process.rb:94:in `new'
    /var/lib/gems/1.8/gems/actionpack-2.2.2/lib/action_controller/cgi_process.rb:94:in `session'
    /var/lib/gems/1.8/gems/actionpack-2.2.2/lib/action_controller/cgi_process.rb:130:in `stale_session_check!'
    /var/lib/gems/1.8/gems/actionpack-2.2.2/lib/action_controller/cgi_process.rb:78:in `session'
    /var/lib/gems/1.8/gems/actionpack-2.2.2/lib/action_controller/base.rb:1205:in `assign_shortcuts_without_flash'
    /var/lib/gems/1.8/gems/actionpack-2.2.2/lib/action_controller/flash.rb:166:in `assign_shortcuts'
    /var/lib/gems/1.8/gems/actionpack-2.2.2/lib/action_controller/base.rb:519:in `process_without_filters'
    /var/lib/gems/1.8/gems/actionpack-2.2.2/lib/action_controller/filters.rb:606:in `process_without_session_management_support'
    /var/lib/gems/1.8/gems/actionpack-2.2.2/lib/action_controller/session_management.rb:134:in `process'
    /var/lib/gems/1.8/gems/actionpack-2.2.2/lib/action_controller/base.rb:392:in `process'
    /var/lib/gems/1.8/gems/actionpack-2.2.2/lib/action_controller/dispatcher.rb:183:in `handle_request'
    /var/lib/gems/1.8/gems/actionpack-2.2.2/lib/action_controller/dispatcher.rb:110:in `dispatch_unlocked'
    /var/lib/gems/1.8/gems/actionpack-2.2.2/lib/action_controller/dispatcher.rb:123:in `dispatch'
    /var/lib/gems/1.8/gems/actionpack-2.2.2/lib/action_controller/dispatcher.rb:122:in `synchronize'
    /var/lib/gems/1.8/gems/actionpack-2.2.2/lib/action_controller/dispatcher.rb:122:in `dispatch'
    /var/lib/gems/1.8/gems/actionpack-2.2.2/lib/action_controller/dispatcher.rb:132:in `dispatch_cgi'
    /var/lib/gems/1.8/gems/actionpack-2.2.2/lib/action_controller/dispatcher.rb:39:in `dispatch'
    /var/lib/gems/1.8/gems/rails-2.2.2/lib/webrick_server.rb:103:in `handle_dispatch'
    /var/lib/gems/1.8/gems/rails-2.2.2/lib/webrick_server.rb:74:in `service'
    /usr/lib/ruby/1.8/webrick/httpserver.rb:104:in `service'
    /usr/lib/ruby/1.8/webrick/httpserver.rb:65:in `run'
    /usr/lib/ruby/1.8/webrick/server.rb:173:in `start_thread'
    /usr/lib/ruby/1.8/webrick/server.rb:162:in `start'
    /usr/lib/ruby/1.8/webrick/server.rb:162:in `start_thread'
    /usr/lib/ruby/1.8/webrick/server.rb:95:in `start'
    /usr/lib/ruby/1.8/webrick/server.rb:92:in `each'
    /usr/lib/ruby/1.8/webrick/server.rb:92:in `start'
    /usr/lib/ruby/1.8/webrick/server.rb:23:in `start'
    /usr/lib/ruby/1.8/webrick/server.rb:82:in `start'
    /var/lib/gems/1.8/gems/rails-2.2.2/lib/webrick_server.rb:60:in `dispatch'
    /var/lib/gems/1.8/gems/rails-2.2.2/lib/commands/servers/webrick.rb:66
    /usr/lib/ruby/1.8/rubygems/custom_require.rb:31:in `gem_original_require'
    /usr/lib/ruby/1.8/rubygems/custom_require.rb:31:in `require'
    /var/lib/gems/1.8/gems/activesupport-2.2.2/lib/active_support/dependencies.rb:153:in `require'
    /var/lib/gems/1.8/gems/activesupport-2.2.2/lib/active_support/dependencies.rb:521:in `new_constants_in'
    /var/lib/gems/1.8/gems/activesupport-2.2.2/lib/active_support/dependencies.rb:153:in `require'
    /var/lib/gems/1.8/gems/rails-2.2.2/lib/commands/server.rb:49
    /usr/lib/ruby/1.8/rubygems/custom_require.rb:31:in `gem_original_require'
    /usr/lib/ruby/1.8/rubygems/custom_require.rb:31:in `require'
    script/server:3
/!\ FAILSAFE /!\  Mon Sep 07 19:25:44 +0530 2009
  Status: 500 Internal Server Error
  Could not find table 'sessions'
    /var/lib/gems/1.8/gems/activerecord-2.2.2/lib/active_record/connection_adapters/sqlite3_adapter.rb:29:in `table_structure'
    /var/lib/gems/1.8/gems/activesupport-2.2.2/lib/active_support/core_ext/object/misc.rb:39:in `returning'
    /var/lib/gems/1.8/gems/activerecord-2.2.2/lib/active_record/connection_adapters/sqlite3_adapter.rb:28:in `table_structure'
    /var/lib/gems/1.8/gems/activerecord-2.2.2/lib/active_record/connection_adapters/sqlite_adapter.rb:189:in `columns'
    /var/lib/gems/1.8/gems/activerecord-2.2.2/lib/active_record/base.rb:1220:in `columns'
    /var/lib/gems/1.8/gems/activerecord-2.2.2/lib/active_record/base.rb:1228:in `columns_hash'
    /var/lib/gems/1.8/gems/actionpack-2.2.2/lib/action_controller/session/active_record_store.rb:104:in `setup_sessid_compatibility!'
    /var/lib/gems/1.8/gems/actionpack-2.2.2/lib/action_controller/session/active_record_store.rb:78:in `find_by_session_id'
    /var/lib/gems/1.8/gems/actionpack-2.2.2/lib/action_controller/session/active_record_store.rb:288:in `initialize'
    /var/lib/gems/1.8/gems/activerecord-2.2.2/lib/active_record/base.rb:1398:in `silence'
    /var/lib/gems/1.8/gems/actionpack-2.2.2/lib/action_controller/session/active_record_store.rb:288:in `initialize'
    /usr/lib/ruby/1.8/cgi/session.rb:279:in `new'
    /usr/lib/ruby/1.8/cgi/session.rb:279:in `initialize_without_cgi_reader'
    /var/lib/gems/1.8/gems/actionpack-2.2.2/lib/action_controller/cgi_ext/session.rb:19:in `initialize'
    /var/lib/gems/1.8/gems/actionpack-2.2.2/lib/action_controller/cgi_process.rb:94:in `new'
    /var/lib/gems/1.8/gems/actionpack-2.2.2/lib/action_controller/cgi_process.rb:94:in `session'
    /var/lib/gems/1.8/gems/actionpack-2.2.2/lib/action_controller/cgi_process.rb:130:in `stale_session_check!'
    /var/lib/gems/1.8/gems/actionpack-2.2.2/lib/action_controller/cgi_process.rb:78:in `session'
    /var/lib/gems/1.8/gems/actionpack-2.2.2/lib/action_controller/base.rb:1205:in `assign_shortcuts_without_flash'
    /var/lib/gems/1.8/gems/actionpack-2.2.2/lib/action_controller/flash.rb:166:in `assign_shortcuts'
    /var/lib/gems/1.8/gems/actionpack-2.2.2/lib/action_controller/base.rb:519:in `process_without_filters'
    /var/lib/gems/1.8/gems/actionpack-2.2.2/lib/action_controller/filters.rb:606:in `process_without_session_management_support'
    /var/lib/gems/1.8/gems/actionpack-2.2.2/lib/action_controller/session_management.rb:134:in `process'
    /var/lib/gems/1.8/gems/actionpack-2.2.2/lib/action_controller/base.rb:392:in `process'
    /var/lib/gems/1.8/gems/actionpack-2.2.2/lib/action_controller/dispatcher.rb:183:in `handle_request'
    /var/lib/gems/1.8/gems/actionpack-2.2.2/lib/action_controller/dispatcher.rb:110:in `dispatch_unlocked'
    /var/lib/gems/1.8/gems/actionpack-2.2.2/lib/action_controller/dispatcher.rb:123:in `dispatch'
    /var/lib/gems/1.8/gems/actionpack-2.2.2/lib/action_controller/dispatcher.rb:122:in `synchronize'
    /var/lib/gems/1.8/gems/actionpack-2.2.2/lib/action_controller/dispatcher.rb:122:in `dispatch'
    /var/lib/gems/1.8/gems/actionpack-2.2.2/lib/action_controller/dispatcher.rb:132:in `dispatch_cgi'
    /var/lib/gems/1.8/gems/actionpack-2.2.2/lib/action_controller/dispatcher.rb:39:in `dispatch'
    /var/lib/gems/1.8/gems/rails-2.2.2/lib/webrick_server.rb:103:in `handle_dispatch'
    /var/lib/gems/1.8/gems/rails-2.2.2/lib/webrick_server.rb:74:in `service'
    /usr/lib/ruby/1.8/webrick/httpserver.rb:104:in `service'
    /usr/lib/ruby/1.8/webrick/httpserver.rb:65:in `run'
    /usr/lib/ruby/1.8/webrick/server.rb:173:in `start_thread'
    /usr/lib/ruby/1.8/webrick/server.rb:162:in `start'
    /usr/lib/ruby/1.8/webrick/server.rb:162:in `start_thread'
    /usr/lib/ruby/1.8/webrick/server.rb:95:in `start'
    /usr/lib/ruby/1.8/webrick/server.rb:92:in `each'
    /usr/lib/ruby/1.8/webrick/server.rb:92:in `start'
    /usr/lib/ruby/1.8/webrick/server.rb:23:in `start'
    /usr/lib/ruby/1.8/webrick/server.rb:82:in `start'
    /var/lib/gems/1.8/gems/rails-2.2.2/lib/webrick_server.rb:60:in `dispatch'
    /var/lib/gems/1.8/gems/rails-2.2.2/lib/commands/servers/webrick.rb:66
    /usr/lib/ruby/1.8/rubygems/custom_require.rb:31:in `gem_original_require'
    /usr/lib/ruby/1.8/rubygems/custom_require.rb:31:in `require'
    /var/lib/gems/1.8/gems/activesupport-2.2.2/lib/active_support/dependencies.rb:153:in `require'
    /var/lib/gems/1.8/gems/activesupport-2.2.2/lib/active_support/dependencies.rb:521:in `new_constants_in'
    /var/lib/gems/1.8/gems/activesupport-2.2.2/lib/active_support/dependencies.rb:153:in `require'
    /var/lib/gems/1.8/gems/rails-2.2.2/lib/commands/server.rb:49
    /usr/lib/ruby/1.8/rubygems/custom_require.rb:31:in `gem_original_require'
    /usr/lib/ruby/1.8/rubygems/custom_require.rb:31:in `require'
    script/server:3
  [4;36;1mSQL (0.7ms)[0m   [0;1m SELECT name
 FROM sqlite_master
 WHERE type = 'table' AND NOT name = 'sqlite_sequence'
[0m
  [4;35;1mSQL (0.5ms)[0m   [0mselect sqlite_version(*)[0m
  [4;36;1mSQL (9.1ms)[0m   [0;1mCREATE TABLE "schema_migrations" ("version" varchar(255) NOT NULL) [0m
  [4;35;1mSQL (4.6ms)[0m   [0mCREATE UNIQUE INDEX "unique_schema_migrations" ON "schema_migrations" ("version")[0m
  [4;36;1mSQL (1.0ms)[0m   [0;1m SELECT name
 FROM sqlite_master
 WHERE type = 'table' AND NOT name = 'sqlite_sequence'
[0m
  [4;35;1mSQL (0.4ms)[0m   [0mSELECT version FROM schema_migrations[0m
Migrating to BortMigration (20080929171348)
  [4;36;1mSQL (7.0ms)[0m   [0;1mCREATE TABLE "sessions" ("id" INTEGER PRIMARY KEY AUTOINCREMENT NOT NULL, "session_id" varchar(255) NOT NULL, "data" text, "created_at" datetime, "updated_at" datetime) [0m
  [4;35;1mSQL (11.3ms)[0m   [0mCREATE INDEX "index_sessions_on_session_id" ON "sessions" ("session_id")[0m
  [4;36;1mSQL (10.4ms)[0m   [0;1mCREATE INDEX "index_sessions_on_updated_at" ON "sessions" ("updated_at")[0m
  [4;35;1mSQL (0.7ms)[0m   [0m SELECT name
 FROM sqlite_master
 WHERE type = 'table' AND NOT name = 'sqlite_sequence'
[0m
  [4;36;1mSQL (8.4ms)[0m   [0;1mCREATE TABLE "open_id_authentication_associations" ("id" INTEGER PRIMARY KEY AUTOINCREMENT NOT NULL, "issued" integer, "lifetime" integer, "handle" varchar(255), "assoc_type" varchar(255), "server_url" blob, "secret" blob) [0m
  [4;35;1mSQL (0.7ms)[0m   [0m SELECT name
 FROM sqlite_master
 WHERE type = 'table' AND NOT name = 'sqlite_sequence'
[0m
  [4;36;1mSQL (12.0ms)[0m   [0;1mCREATE TABLE "open_id_authentication_nonces" ("id" INTEGER PRIMARY KEY AUTOINCREMENT NOT NULL, "timestamp" integer NOT NULL, "server_url" varchar(255), "salt" varchar(255) NOT NULL) [0m
  [4;35;1mSQL (7.2ms)[0m   [0mCREATE TABLE "users" ("id" INTEGER PRIMARY KEY AUTOINCREMENT NOT NULL, "login" varchar(40), "identity_url" varchar(255), "name" varchar(100) DEFAULT '', "email" varchar(100), "crypted_password" varchar(40), "salt" varchar(40), "remember_token" varchar(40), "activation_code" varchar(40), "state" varchar(255) DEFAULT 'passive' NOT NULL, "remember_token_expires_at" datetime, "activated_at" datetime, "deleted_at" datetime, "created_at" datetime, "updated_at" datetime) [0m
  [4;36;1mSQL (7.1ms)[0m   [0;1mCREATE UNIQUE INDEX "index_users_on_login" ON "users" ("login")[0m
  [4;35;1mSQL (6.7ms)[0m   [0mCREATE TABLE "passwords" ("id" INTEGER PRIMARY KEY AUTOINCREMENT NOT NULL, "user_id" integer, "reset_code" varchar(255), "expiration_date" datetime, "created_at" datetime, "updated_at" datetime) [0m
  [4;36;1mSQL (23.0ms)[0m   [0;1mCREATE TABLE "roles" ("id" INTEGER PRIMARY KEY AUTOINCREMENT NOT NULL, "name" varchar(255)) [0m
  [4;35;1mSQL (6.6ms)[0m   [0mCREATE TABLE "roles_users" ("role_id" integer, "user_id" integer) [0m
  [4;36;1mRole Create (0.6ms)[0m   [0;1mINSERT INTO "roles" ("name") VALUES('admin')[0m
  [4;35;1mUser Exists (0.4ms)[0m   [0mSELECT "users".id FROM "users" WHERE (LOWER("users"."login") = 'admin') LIMIT 1[0m
  [4;36;1mUser Exists (0.3ms)[0m   [0;1mSELECT "users".id FROM "users" WHERE (LOWER("users"."email") = 'bort@bort.com') LIMIT 1[0m
  [4;35;1mUser Create (0.7ms)[0m   [0mINSERT INTO "users" ("name", "salt", "activated_at", "created_at", "crypted_password", "remember_token_expires_at", "deleted_at", "updated_at", "activation_code", "remember_token", "login", "identity_url", "email", "state") VALUES('', 'a3a0caba6c8498be5982c5a9f67e0e4c073d9fc7', NULL, '2009-09-07 13:56:50', 'a1a7ab26d41157eeaf4664414e889ab7114b2f75', NULL, NULL, '2009-09-07 13:56:50', NULL, NULL, 'admin', NULL, 'bort@bort.com', 'passive')[0m
Sent mail to bort@bort.com

Date: Mon, 7 Sep 2009 19:26:50 +0530
From: bort@bort.com
To: bort@bort.com
Subject: [Bort] Please activate your new account
Mime-Version: 1.0
Content-Type: text/plain; charset=utf-8

Your account has been created.

Username: admin

Visit this url to activate your account:

http://localhost:3000/activate/
  [4;36;1mUser Update (23.7ms)[0m   [0;1mUPDATE "users" SET "updated_at" = '2009-09-07 13:56:50', "activation_code" = '507406fa74941b970ff47d48c8585fa3b1aaf97e', "state" = 'pending' WHERE "id" = 1[0m
  [4;35;1mUser Update (0.7ms)[0m   [0mUPDATE "users" SET "updated_at" = '2009-09-07 13:56:50', "activated_at" = '2009-09-07 13:56:50', "activation_code" = NULL, "state" = 'active' WHERE "id" = 1[0m
Sent mail to bort@bort.com

Date: Mon, 7 Sep 2009 19:26:51 +0530
From: bort@bort.com
To: bort@bort.com
Subject: [Bort] Your account has been activated!
Mime-Version: 1.0
Content-Type: text/plain; charset=utf-8

admin, your account has been activated.  Welcome aboard!

http://localhost:3000
  [4;36;1mSQL (0.6ms)[0m   [0;1mINSERT INTO "roles_users" ("role_id", "user_id") VALUES (1, 1)[0m
  [4;35;1mSQL (11.6ms)[0m   [0mINSERT INTO schema_migrations (version) VALUES ('20080929171348')[0m
Migrating to CreateStates (20090907133052)
  [4;36;1mSQL (6.4ms)[0m   [0;1mCREATE TABLE "states" ("id" INTEGER PRIMARY KEY AUTOINCREMENT NOT NULL, "name" varchar(255), "code" varchar(255), "created_at" datetime, "updated_at" datetime) [0m
  [4;35;1mSQL (5.8ms)[0m   [0mINSERT INTO schema_migrations (version) VALUES ('20090907133052')[0m
Migrating to CreateConstituencies (20090907133230)
  [4;36;1mSQL (7.5ms)[0m   [0;1mCREATE TABLE "constituencies" ("id" INTEGER PRIMARY KEY AUTOINCREMENT NOT NULL, "name" varchar(255), "code" varchar(255), "state_id" integer, "created_at" datetime, "updated_at" datetime) [0m
  [4;35;1mSQL (6.4ms)[0m   [0mINSERT INTO schema_migrations (version) VALUES ('20090907133230')[0m
Migrating to CreateParties (20090907133514)
  [4;36;1mSQL (5.7ms)[0m   [0;1mCREATE TABLE "parties" ("id" INTEGER PRIMARY KEY AUTOINCREMENT NOT NULL, "name" varchar(255), "code" varchar(255), "symbol" varchar(255), "created_at" datetime, "updated_at" datetime) [0m
  [4;35;1mSQL (5.0ms)[0m   [0mINSERT INTO schema_migrations (version) VALUES ('20090907133514')[0m
Migrating to CreateRevisions (20090907133712)
  [4;36;1mSQL (5.4ms)[0m   [0;1mCREATE TABLE "revisions" ("id" INTEGER PRIMARY KEY AUTOINCREMENT NOT NULL, "number" integer, "created_at" datetime, "updated_at" datetime) [0m
  [4;35;1mSQL (7.4ms)[0m   [0mINSERT INTO schema_migrations (version) VALUES ('20090907133712')[0m
Migrating to CreateCandidates (20090907134453)
  [4;36;1mSQL (6.1ms)[0m   [0;1mCREATE TABLE "candidates" ("id" INTEGER PRIMARY KEY AUTOINCREMENT NOT NULL, "name" varchar(255), "sex" varchar(255), "address_line_1" varchar(255), "address_line_2" varchar(255), "city_town_village" varchar(255), "age" integer, "category" varchar(255), "constituency_id" integer, "party_id" integer, "created_at" datetime, "updated_at" datetime) [0m
  [4;35;1mSQL (6.6ms)[0m   [0mINSERT INTO schema_migrations (version) VALUES ('20090907134453')[0m
Migrating to CreateCandidateRevisions (20090907135003)
  [4;36;1mSQL (7.9ms)[0m   [0;1mCREATE TABLE "candidate_revisions" ("id" INTEGER PRIMARY KEY AUTOINCREMENT NOT NULL, "revision_id" integer, "candidate_id" integer, "postal_votes" integer, "evm_votes" integer, "total_votes" integer, "created_at" datetime, "updated_at" datetime) [0m
  [4;35;1mSQL (6.5ms)[0m   [0mINSERT INTO schema_migrations (version) VALUES ('20090907135003')[0m
  [4;36;1mSQL (1.5ms)[0m   [0;1m SELECT name
 FROM sqlite_master
 WHERE type = 'table' AND NOT name = 'sqlite_sequence'
[0m
  [4;35;1mSQL (1.7ms)[0m   [0mSELECT version FROM schema_migrations[0m
  [4;36;1mSQL (1.5ms)[0m   [0;1m SELECT name
 FROM sqlite_master
 WHERE type = 'table' AND NOT name = 'sqlite_sequence'
[0m
  [4;35;1mSQL (0.2ms)[0m   [0mPRAGMA index_list("candidate_revisions")[0m
  [4;36;1mSQL (0.2ms)[0m   [0;1mPRAGMA index_list("candidates")[0m
  [4;35;1mSQL (0.2ms)[0m   [0mPRAGMA index_list("constituencies")[0m
  [4;36;1mSQL (0.2ms)[0m   [0;1mPRAGMA index_list("open_id_authentication_associations")[0m
  [4;35;1mSQL (0.2ms)[0m   [0mPRAGMA index_list("open_id_authentication_nonces")[0m
  [4;36;1mSQL (0.2ms)[0m   [0;1mPRAGMA index_list("parties")[0m
  [4;35;1mSQL (0.2ms)[0m   [0mPRAGMA index_list("passwords")[0m
  [4;36;1mSQL (0.2ms)[0m   [0;1mPRAGMA index_list("revisions")[0m
  [4;35;1mSQL (0.4ms)[0m   [0mPRAGMA index_list("roles")[0m
  [4;36;1mSQL (0.3ms)[0m   [0;1mPRAGMA index_list("roles_users")[0m
  [4;35;1mSQL (0.9ms)[0m   [0mPRAGMA index_list("sessions")[0m
  [4;36;1mSQL (20.3ms)[0m   [0;1mPRAGMA index_info('index_sessions_on_updated_at')[0m
  [4;35;1mSQL (0.5ms)[0m   [0mPRAGMA index_info('index_sessions_on_session_id')[0m
  [4;36;1mSQL (0.2ms)[0m   [0;1mPRAGMA index_list("states")[0m
  [4;35;1mSQL (0.5ms)[0m   [0mPRAGMA index_list("users")[0m
  [4;36;1mSQL (0.4ms)[0m   [0;1mPRAGMA index_info('index_users_on_login')[0m


Processing SessionsController#new (for 127.0.0.1 at 2009-09-07 19:26:58) [GET]
  Session ID: 00c1e66fb172347c1134462263455319
  Parameters: {"action"=>"new", "controller"=>"sessions"}
Rendering template within layouts/application
Rendering sessions/new
Completed in 112ms (View: 106, DB: 0) | 200 OK [http://localhost/]


Processing PartiesController#index (for 127.0.0.1 at 2009-09-07 19:27:14) [GET]
  Session ID: 00c1e66fb172347c1134462263455319
  Parameters: {"action"=>"index", "controller"=>"parties"}
  [4;36;1mParty Load (1.5ms)[0m   [0;1mSELECT * FROM "parties" [0m
Rendering template within layouts/parties
Rendering parties/index
Completed in 66ms (View: 19, DB: 3) | 200 OK [http://localhost/parties]
